app/build/outputs/logs/manifest-merger-release-report.txt
-- Merging decision tree log ---
manifest
ADDED from src\main\AndroidManifest.xml:2:1-126:12
	package
		ADDED from src\main\AndroidManifest.xml:4:5-52
		INJECTED from src\main\AndroidManifest.xml
		INJECTED from src\main\AndroidManifest.xml
	android:versionName
		ADDED from src\main\AndroidManifest.xml:6:5-30
		INJECTED from src\main\AndroidManifest.xml
		INJECTED from src\main\AndroidManifest.xml
	android:windowSoftInputMode
		ADDED from src\main\AndroidManifest.xml:7:2-43
	android:versionCode
		ADDED from src\main\AndroidManifest.xml:5:5-28
		INJECTED from src\main\AndroidManifest.xml
		INJECTED from src\main\AndroidManifest.xml
	xmlns:android
		ADDED from src\main\AndroidManifest.xml:3:2-60
permission#info.androidhive.customlistviewvolley.permission.MAPS_RECEIVE
ADDED from src\main\AndroidManifest.xml:9:5-11:40
	android:protectionLevel
		ADDED from src\main\AndroidManifest.xml:11:3-38
	android:name
		ADDED from src\main\AndroidManifest.xml:10:3-79
uses-permission#your.application.package.permission.MAPS_RECEIVE
ADDED from src\main\AndroidManifest.xml:12:2-84
	android:name
		ADDED from src\main\AndroidManifest.xml:12:19-82
uses-permission#android.permission.INTERNET
ADDED from src\main\AndroidManifest.xml:13:2-64
	android:name
		ADDED from src\main\AndroidManifest.xml:13:19-61
uses-permission#android.permission.WRITE_EXTERNAL_STORAGE
ADDED from src\main\AndroidManifest.xml:14:2-77
	android:name
		ADDED from src\main\AndroidManifest.xml:14:19-75
uses-permission#com.google.android.providers.gsf.permission.READ_GSERVICES
ADDED from src\main\AndroidManifest.xml:15:2-94
	android:name
		ADDED from src\main\AndroidManifest.xml:15:19-92
uses-permission#android.permission.ACCESS_COARSE_LOCATION
ADDED from src\main\AndroidManifest.xml:16:2-78
	android:name
		ADDED from src\main\AndroidManifest.xml:16:19-75
uses-permission#android.permission.ACCESS_FINE_LOCATION
ADDED from src\main\AndroidManifest.xml:17:2-76
	android:name
		ADDED from src\main\AndroidManifest.xml:17:19-73
uses-sdk
ADDED from src\main\AndroidManifest.xml:19:5-21:41
MERGED from [com.android.support:multidex:1.0.1] AndroidManifest.xml:18:5-42
MERGED from [com.android.support:support-v4:24.0.0] AndroidManifest.xml:21:5-23:54
MERGED from [com.google.android.gms:play-services:6.5.87] AndroidManifest.xml:18:5-42
MERGED from [com.android.support:support-v4:24.0.0] AndroidManifest.xml:21:5-23:54
	tools:overrideLibrary
		ADDED from [com.android.support:support-v4:24.0.0] AndroidManifest.xml:23:9-51
	android:targetSdkVersion
		ADDED from src\main\AndroidManifest.xml:21:9-38
		INJECTED from src\main\AndroidManifest.xml
		INJECTED from src\main\AndroidManifest.xml
	android:minSdkVersion
		ADDED from src\main\AndroidManifest.xml:20:9-35
		INJECTED from src\main\AndroidManifest.xml
		INJECTED from src\main\AndroidManifest.xml
uses-permission#android.permission.READ_PHONE_STATE
ADDED from src\main\AndroidManifest.xml:23:4-74
	android:name
		ADDED from src\main\AndroidManifest.xml:23:21-71
uses-permission#android.permission.GET_ACCOUNTS
ADDED from src\main\AndroidManifest.xml:26:7-73
	android:name
		ADDED from src\main\AndroidManifest.xml:26:24-70
uses-permission#android.permission.WAKE_LOCK
ADDED from src\main\AndroidManifest.xml:29:7-70
	android:name
		ADDED from src\main\AndroidManifest.xml:29:24-67
permission#com.androidexample.gcm.permission.C2D_MESSAGE
ADDED from src\main\AndroidManifest.xml:32:8-34:49
	android:protectionLevel
		ADDED from src\main\AndroidManifest.xml:34:11-46
	android:name
		ADDED from src\main\AndroidManifest.xml:33:11-71
uses-permission#com.androidexample.gcm.permission.C2D_MESSAGE
ADDED from src\main\AndroidManifest.xml:36:7-87
	android:name
		ADDED from src\main\AndroidManifest.xml:36:24-84
uses-permission#com.google.android.c2dm.permission.RECEIVE
ADDED from src\main\AndroidManifest.xml:39:7-84
	android:name
		ADDED from src\main\AndroidManifest.xml:39:24-81
uses-permission#android.permission.ACCESS_NETWORK_STATE
ADDED from src\main\AndroidManifest.xml:42:7-81
	android:name
		ADDED from src\main\AndroidManifest.xml:42:24-78
uses-permission#android.permission.VIBRATE
ADDED from src\main\AndroidManifest.xml:45:7-68
	android:name
		ADDED from src\main\AndroidManifest.xml:45:24-65
uses-permission#info.androidhive.googlemapsv2.permission.MAPS_RECEIVE
ADDED from src\main\AndroidManifest.xml:47:7-95
	android:name
		ADDED from src\main\AndroidManifest.xml:47:24-92
uses-permission#android.permission.CALL_PHONE
ADDED from src\main\AndroidManifest.xml:55:7-71
	android:name
		ADDED from src\main\AndroidManifest.xml:55:24-68
uses-feature#0x00020000
ADDED from src\main\AndroidManifest.xml:65:7-67:30
	android:glEsVersion
		ADDED from src\main\AndroidManifest.xml:66:5-37
	android:required
		ADDED from src\main\AndroidManifest.xml:67:5-28
application
ADDED from src\main\AndroidManifest.xml:69:5-125:19
MERGED from [com.android.support:support-v4:24.0.0] AndroidManifest.xml:25:5-20
MERGED from [com.google.android.gms:play-services:6.5.87] AndroidManifest.xml:20:5-24:19
MERGED from [com.android.support:support-v4:24.0.0] AndroidManifest.xml:25:5-20
	android:label
		ADDED from src\main\AndroidManifest.xml:73:9-41
	android:allowBackup
		ADDED from src\main\AndroidManifest.xml:71:9-35
	android:icon
		ADDED from src\main\AndroidManifest.xml:72:9-45
	android:theme
		ADDED from src\main\AndroidManifest.xml:74:9-40
	android:name
		ADDED from src\main\AndroidManifest.xml:70:9-79
activity#info.androidhive.customlistviewvolley.MainActivity
ADDED from src\main\AndroidManifest.xml:76:9-79:20
	android:label
		ADDED from src\main\AndroidManifest.xml:78:13-46
	android:name
		ADDED from src\main\AndroidManifest.xml:77:13-78
activity#info.androidhive.customlistviewvolley.IndexActivity
ADDED from src\main\AndroidManifest.xml:81:3-89:14
	android:label
		ADDED from src\main\AndroidManifest.xml:83:4-36
	android:configChanges
		ADDED from src\main\AndroidManifest.xml:84:4-65
	android:name
		ADDED from src\main\AndroidManifest.xml:82:4-70
intent-filter#android.intent.action.MAIN+android.intent.category.LAUNCHER
ADDED from src\main\AndroidManifest.xml:85:4-88:20
action#android.intent.action.MAIN
ADDED from src\main\AndroidManifest.xml:86:5-57
	android:name
		ADDED from src\main\AndroidManifest.xml:86:13-54
category#android.intent.category.LAUNCHER
ADDED from src\main\AndroidManifest.xml:87:5-65
	android:name
		ADDED from src\main\AndroidManifest.xml:87:15-62
activity#info.androidhive.customlistviewvolley.list
ADDED from src\main\AndroidManifest.xml:91:9-97:20
	android:screenOrientation
		ADDED from src\main\AndroidManifest.xml:95:13-49
	android:label
		ADDED from src\main\AndroidManifest.xml:96:13-45
	android:windowSoftInputMode
		ADDED from src\main\AndroidManifest.xml:94:4-45
	android:configChanges
		ADDED from src\main\AndroidManifest.xml:93:13-63
	android:name
		ADDED from src\main\AndroidManifest.xml:92:13-70
activity#info.androidhive.customlistviewvolley.rating2
ADDED from src\main\AndroidManifest.xml:99:3-104:14
	android:screenOrientation
		ADDED from src\main\AndroidManifest.xml:102:4-40
	android:label
		ADDED from src\main\AndroidManifest.xml:103:4-36
	android:configChanges
		ADDED from src\main\AndroidManifest.xml:101:4-54
	android:name
		ADDED from src\main\AndroidManifest.xml:100:4-64
activity#info.androidhive.customlistviewvolley.comments
ADDED from src\main\AndroidManifest.xml:106:9-111:20
	android:screenOrientation
		ADDED from src\main\AndroidManifest.xml:109:13-49
	android:label
		ADDED from src\main\AndroidManifest.xml:110:13-45
	android:configChanges
		ADDED from src\main\AndroidManifest.xml:108:13-63
	android:name
		ADDED from src\main\AndroidManifest.xml:107:13-74
activity#info.androidhive.customlistviewvolley.MapActivity
ADDED from src\main\AndroidManifest.xml:113:9-116:20
	android:label
		ADDED from src\main\AndroidManifest.xml:115:13-45
	android:name
		ADDED from src\main\AndroidManifest.xml:114:13-77
meta-data#com.google.android.maps.v2.API_KEY
ADDED from src\main\AndroidManifest.xml:118:9-120:62
	android:value
		ADDED from src\main\AndroidManifest.xml:120:4-59
	android:name
		ADDED from src\main\AndroidManifest.xml:119:4-53
meta-data#com.google.android.gms.version
ADDED from src\main\AndroidManifest.xml:122:9-124:60
MERGED from [com.google.android.gms:play-services:6.5.87] AndroidManifest.xml:21:9-23:69
	android:value
		ADDED from src\main\AndroidManifest.xml:124:4-57
	android:name
		ADDED from src\main\AndroidManifest.xml:123:4-49